2024/07/07 22:17:51 [error] [php] Undefined variable $authors (C:\xampp\htdocs\yii_blogs\protected\controllers\PostsController.php:31)
Stack trace:
#0 C:\xampp\htdocs\yii_blogs\yii-1.1\framework\web\actions\CInlineAction.php(49): PostsController->actionIndex()
#1 C:\xampp\htdocs\yii_blogs\yii-1.1\framework\web\CController.php(308): CInlineAction->runWithParams()
#2 C:\xampp\htdocs\yii_blogs\yii-1.1\framework\web\CController.php(286): PostsController->runAction()
#3 C:\xampp\htdocs\yii_blogs\yii-1.1\framework\web\CController.php(265): PostsController->runActionWithFilters()
#4 C:\xampp\htdocs\yii_blogs\yii-1.1\framework\web\CWebApplication.php(282): PostsController->run()
#5 C:\xampp\htdocs\yii_blogs\yii-1.1\framework\web\CWebApplication.php(141): CWebApplication->runController()
#6 C:\xampp\htdocs\yii_blogs\yii-1.1\framework\base\CApplication.php(185): CWebApplication->processRequest()
#7 C:\xampp\htdocs\yii_blogs\index.php(13): CWebApplication->run()
REQUEST_URI=/yii_blogs/index.php/posts/index?date_search=&like_search=half+of
in C:\xampp\htdocs\yii_blogs\protected\controllers\PostsController.php (31)
in C:\xampp\htdocs\yii_blogs\index.php (13)
2024/07/07 22:21:14 [error] [system.db.CDbCommand] CDbCommand::fetchAll() failed: SQLSTATE[42000]: Syntax error or access violation: 1064 You have an error in your SQL syntax; check the manual that corresponds to your MariaDB server version for the right syntax to use near '%'half of'% or content like %'half of'%))' at line 1. The SQL statement executed was: SELECT `t`.`id` AS `t0_c0`, `t`.`title` AS `t0_c1`, `t`.`content` AS `t0_c2`, `t`.`author_id` AS `t0_c3`, `t`.`is_public` AS `t0_c4`, `t`.`image_url` AS `t0_c5`, `t`.`created_at` AS `t0_c6`, `t`.`updated_at` AS `t0_c7` FROM `Post` `t`  WHERE ((is_public = 1) AND (title like  %:like_search% or content like %:like_search%)).
in C:\xampp\htdocs\yii_blogs\protected\controllers\PostsController.php (31)
in C:\xampp\htdocs\yii_blogs\index.php (13)
2024/07/07 22:21:14 [error] [exception.CDbException] CDbException: CDbCommand failed to execute the SQL statement: SQLSTATE[42000]: Syntax error or access violation: 1064 You have an error in your SQL syntax; check the manual that corresponds to your MariaDB server version for the right syntax to use near '%'half of'% or content like %'half of'%))' at line 1. The SQL statement executed was: SELECT `t`.`id` AS `t0_c0`, `t`.`title` AS `t0_c1`, `t`.`content` AS `t0_c2`, `t`.`author_id` AS `t0_c3`, `t`.`is_public` AS `t0_c4`, `t`.`image_url` AS `t0_c5`, `t`.`created_at` AS `t0_c6`, `t`.`updated_at` AS `t0_c7` FROM `Post` `t`  WHERE ((is_public = 1) AND (title like  %:like_search% or content like %:like_search%)) in C:\xampp\htdocs\yii_blogs\yii-1.1\framework\db\CDbCommand.php:543
Stack trace:
#0 C:\xampp\htdocs\yii_blogs\yii-1.1\framework\db\CDbCommand.php(396): CDbCommand->queryInternal('fetchAll', Array, Array)
#1 C:\xampp\htdocs\yii_blogs\yii-1.1\framework\db\ar\CActiveFinder.php(810): CDbCommand->queryAll()
#2 C:\xampp\htdocs\yii_blogs\yii-1.1\framework\db\ar\CActiveFinder.php(441): CJoinElement->runQuery(Object(CJoinQuery))
#3 C:\xampp\htdocs\yii_blogs\yii-1.1\framework\db\ar\CActiveFinder.php(68): CJoinElement->find(Object(CDbCriteria))
#4 C:\xampp\htdocs\yii_blogs\yii-1.1\framework\db\ar\CActiveRecord.php(1364): CActiveFinder->query(Object(CDbCriteria), true)
#5 C:\xampp\htdocs\yii_blogs\yii-1.1\framework\db\ar\CActiveRecord.php(1478): CActiveRecord->query(Object(CDbCriteria), true)
#6 C:\xampp\htdocs\yii_blogs\protected\controllers\PostsController.php(31): CActiveRecord->findAll(Object(CDbCriteria))
#7 C:\xampp\htdocs\yii_blogs\yii-1.1\framework\web\actions\CInlineAction.php(49): PostsController->actionIndex()
#8 C:\xampp\htdocs\yii_blogs\yii-1.1\framework\web\CController.php(308): CInlineAction->runWithParams(Array)
#9 C:\xampp\htdocs\yii_blogs\yii-1.1\framework\web\CController.php(286): CController->runAction(Object(CInlineAction))
#10 C:\xampp\htdocs\yii_blogs\yii-1.1\framework\web\CController.php(265): CController->runActionWithFilters(Object(CInlineAction), Array)
#11 C:\xampp\htdocs\yii_blogs\yii-1.1\framework\web\CWebApplication.php(282): CController->run('index')
#12 C:\xampp\htdocs\yii_blogs\yii-1.1\framework\web\CWebApplication.php(141): CWebApplication->runController('posts/index')
#13 C:\xampp\htdocs\yii_blogs\yii-1.1\framework\base\CApplication.php(185): CWebApplication->processRequest()
#14 C:\xampp\htdocs\yii_blogs\index.php(13): CApplication->run()
#15 {main}
REQUEST_URI=/yii_blogs/index.php/posts/index?date_search=&like_search=half+of
HTTP_REFERER=http://localhost/yii_blogs/index.php/posts/index
---
2024/07/07 22:21:15 [error] [system.db.CDbCommand] CDbCommand::fetchAll() failed: SQLSTATE[42000]: Syntax error or access violation: 1064 You have an error in your SQL syntax; check the manual that corresponds to your MariaDB server version for the right syntax to use near '%'half of'% or content like %'half of'%))' at line 1. The SQL statement executed was: SELECT `t`.`id` AS `t0_c0`, `t`.`title` AS `t0_c1`, `t`.`content` AS `t0_c2`, `t`.`author_id` AS `t0_c3`, `t`.`is_public` AS `t0_c4`, `t`.`image_url` AS `t0_c5`, `t`.`created_at` AS `t0_c6`, `t`.`updated_at` AS `t0_c7` FROM `Post` `t`  WHERE ((is_public = 1) AND (title like  %:like_search% or content like %:like_search%)).
in C:\xampp\htdocs\yii_blogs\protected\controllers\PostsController.php (31)
in C:\xampp\htdocs\yii_blogs\index.php (13)
2024/07/07 22:21:15 [error] [exception.CDbException] CDbException: CDbCommand failed to execute the SQL statement: SQLSTATE[42000]: Syntax error or access violation: 1064 You have an error in your SQL syntax; check the manual that corresponds to your MariaDB server version for the right syntax to use near '%'half of'% or content like %'half of'%))' at line 1. The SQL statement executed was: SELECT `t`.`id` AS `t0_c0`, `t`.`title` AS `t0_c1`, `t`.`content` AS `t0_c2`, `t`.`author_id` AS `t0_c3`, `t`.`is_public` AS `t0_c4`, `t`.`image_url` AS `t0_c5`, `t`.`created_at` AS `t0_c6`, `t`.`updated_at` AS `t0_c7` FROM `Post` `t`  WHERE ((is_public = 1) AND (title like  %:like_search% or content like %:like_search%)) in C:\xampp\htdocs\yii_blogs\yii-1.1\framework\db\CDbCommand.php:543
Stack trace:
#0 C:\xampp\htdocs\yii_blogs\yii-1.1\framework\db\CDbCommand.php(396): CDbCommand->queryInternal('fetchAll', Array, Array)
#1 C:\xampp\htdocs\yii_blogs\yii-1.1\framework\db\ar\CActiveFinder.php(810): CDbCommand->queryAll()
#2 C:\xampp\htdocs\yii_blogs\yii-1.1\framework\db\ar\CActiveFinder.php(441): CJoinElement->runQuery(Object(CJoinQuery))
#3 C:\xampp\htdocs\yii_blogs\yii-1.1\framework\db\ar\CActiveFinder.php(68): CJoinElement->find(Object(CDbCriteria))
#4 C:\xampp\htdocs\yii_blogs\yii-1.1\framework\db\ar\CActiveRecord.php(1364): CActiveFinder->query(Object(CDbCriteria), true)
#5 C:\xampp\htdocs\yii_blogs\yii-1.1\framework\db\ar\CActiveRecord.php(1478): CActiveRecord->query(Object(CDbCriteria), true)
#6 C:\xampp\htdocs\yii_blogs\protected\controllers\PostsController.php(31): CActiveRecord->findAll(Object(CDbCriteria))
#7 C:\xampp\htdocs\yii_blogs\yii-1.1\framework\web\actions\CInlineAction.php(49): PostsController->actionIndex()
#8 C:\xampp\htdocs\yii_blogs\yii-1.1\framework\web\CController.php(308): CInlineAction->runWithParams(Array)
#9 C:\xampp\htdocs\yii_blogs\yii-1.1\framework\web\CController.php(286): CController->runAction(Object(CInlineAction))
#10 C:\xampp\htdocs\yii_blogs\yii-1.1\framework\web\CController.php(265): CController->runActionWithFilters(Object(CInlineAction), Array)
#11 C:\xampp\htdocs\yii_blogs\yii-1.1\framework\web\CWebApplication.php(282): CController->run('index')
#12 C:\xampp\htdocs\yii_blogs\yii-1.1\framework\web\CWebApplication.php(141): CWebApplication->runController('posts/index')
#13 C:\xampp\htdocs\yii_blogs\yii-1.1\framework\base\CApplication.php(185): CWebApplication->processRequest()
#14 C:\xampp\htdocs\yii_blogs\index.php(13): CApplication->run()
#15 {main}
REQUEST_URI=/yii_blogs/index.php/posts/index?date_search=&like_search=half+of
HTTP_REFERER=http://localhost/yii_blogs/index.php/posts/index
---
2024/07/07 22:21:15 [error] [system.db.CDbCommand] CDbCommand::fetchAll() failed: SQLSTATE[42000]: Syntax error or access violation: 1064 You have an error in your SQL syntax; check the manual that corresponds to your MariaDB server version for the right syntax to use near '%'half of'% or content like %'half of'%))' at line 1. The SQL statement executed was: SELECT `t`.`id` AS `t0_c0`, `t`.`title` AS `t0_c1`, `t`.`content` AS `t0_c2`, `t`.`author_id` AS `t0_c3`, `t`.`is_public` AS `t0_c4`, `t`.`image_url` AS `t0_c5`, `t`.`created_at` AS `t0_c6`, `t`.`updated_at` AS `t0_c7` FROM `Post` `t`  WHERE ((is_public = 1) AND (title like  %:like_search% or content like %:like_search%)).
in C:\xampp\htdocs\yii_blogs\protected\controllers\PostsController.php (31)
in C:\xampp\htdocs\yii_blogs\index.php (13)
2024/07/07 22:21:15 [error] [exception.CDbException] CDbException: CDbCommand failed to execute the SQL statement: SQLSTATE[42000]: Syntax error or access violation: 1064 You have an error in your SQL syntax; check the manual that corresponds to your MariaDB server version for the right syntax to use near '%'half of'% or content like %'half of'%))' at line 1. The SQL statement executed was: SELECT `t`.`id` AS `t0_c0`, `t`.`title` AS `t0_c1`, `t`.`content` AS `t0_c2`, `t`.`author_id` AS `t0_c3`, `t`.`is_public` AS `t0_c4`, `t`.`image_url` AS `t0_c5`, `t`.`created_at` AS `t0_c6`, `t`.`updated_at` AS `t0_c7` FROM `Post` `t`  WHERE ((is_public = 1) AND (title like  %:like_search% or content like %:like_search%)) in C:\xampp\htdocs\yii_blogs\yii-1.1\framework\db\CDbCommand.php:543
Stack trace:
#0 C:\xampp\htdocs\yii_blogs\yii-1.1\framework\db\CDbCommand.php(396): CDbCommand->queryInternal('fetchAll', Array, Array)
#1 C:\xampp\htdocs\yii_blogs\yii-1.1\framework\db\ar\CActiveFinder.php(810): CDbCommand->queryAll()
#2 C:\xampp\htdocs\yii_blogs\yii-1.1\framework\db\ar\CActiveFinder.php(441): CJoinElement->runQuery(Object(CJoinQuery))
#3 C:\xampp\htdocs\yii_blogs\yii-1.1\framework\db\ar\CActiveFinder.php(68): CJoinElement->find(Object(CDbCriteria))
#4 C:\xampp\htdocs\yii_blogs\yii-1.1\framework\db\ar\CActiveRecord.php(1364): CActiveFinder->query(Object(CDbCriteria), true)
#5 C:\xampp\htdocs\yii_blogs\yii-1.1\framework\db\ar\CActiveRecord.php(1478): CActiveRecord->query(Object(CDbCriteria), true)
#6 C:\xampp\htdocs\yii_blogs\protected\controllers\PostsController.php(31): CActiveRecord->findAll(Object(CDbCriteria))
#7 C:\xampp\htdocs\yii_blogs\yii-1.1\framework\web\actions\CInlineAction.php(49): PostsController->actionIndex()
#8 C:\xampp\htdocs\yii_blogs\yii-1.1\framework\web\CController.php(308): CInlineAction->runWithParams(Array)
#9 C:\xampp\htdocs\yii_blogs\yii-1.1\framework\web\CController.php(286): CController->runAction(Object(CInlineAction))
#10 C:\xampp\htdocs\yii_blogs\yii-1.1\framework\web\CController.php(265): CController->runActionWithFilters(Object(CInlineAction), Array)
#11 C:\xampp\htdocs\yii_blogs\yii-1.1\framework\web\CWebApplication.php(282): CController->run('index')
#12 C:\xampp\htdocs\yii_blogs\yii-1.1\framework\web\CWebApplication.php(141): CWebApplication->runController('posts/index')
#13 C:\xampp\htdocs\yii_blogs\yii-1.1\framework\base\CApplication.php(185): CWebApplication->processRequest()
#14 C:\xampp\htdocs\yii_blogs\index.php(13): CApplication->run()
#15 {main}
REQUEST_URI=/yii_blogs/index.php/posts/index?date_search=&like_search=half+of
HTTP_REFERER=http://localhost/yii_blogs/index.php/posts/index
---
2024/07/07 22:36:09 [error] [exception.ParseError] ParseError: syntax error, unexpected identifier "var_dump" in C:\xampp\htdocs\yii_blogs\protected\controllers\PostsController.php:23
Stack trace:
#0 C:\xampp\htdocs\yii_blogs\yii-1.1\framework\web\CWebApplication.php(276): CWebApplication->createController('index/')
#1 C:\xampp\htdocs\yii_blogs\yii-1.1\framework\web\CWebApplication.php(141): CWebApplication->runController('posts/index')
#2 C:\xampp\htdocs\yii_blogs\yii-1.1\framework\base\CApplication.php(185): CWebApplication->processRequest()
#3 C:\xampp\htdocs\yii_blogs\index.php(13): CApplication->run()
#4 {main}
REQUEST_URI=/yii_blogs/index.php/posts/index?author_id=1&date_search=&like_search=asdas
HTTP_REFERER=http://localhost/yii_blogs/index.php/posts/index?author_id=1&date_search=&like_search=
---
